{"numTotalTestSuites":157,"numPassedTestSuites":157,"numFailedTestSuites":0,"numPendingTestSuites":0,"numTotalTests":579,"numPassedTests":579,"numFailedTests":0,"numPendingTests":0,"numTodoTests":0,"snapshot":{"added":0,"failure":false,"filesAdded":0,"filesRemoved":0,"filesRemovedList":[],"filesUnmatched":0,"filesUpdated":0,"matched":0,"total":0,"unchecked":0,"uncheckedKeysByFile":[],"unmatched":0,"updated":0,"didUpdate":false},"startTime":1787771132966,"success":true,"testResults":[{"assertionResults":[{"ancestorTitles":["shouldVacuumForBloat"],"fullName":"shouldVacuumForBloat returns false for a freshly-created database (no pages, no freelist)","status":"passed","title":"returns false for a freshly-created database (no pages, no freelist)","duration":2.449099999999987,"failureMessages":[],"meta":{}},{"ancestorTitles":["shouldVacuumForBloat"],"fullName":"shouldVacuumForBloat returns false for a healthy database with no freelist at all","status":"passed","title":"returns false for a healthy database with no freelist at all","duration":0.21090000000003783,"failureMessages":[],"meta":{}},{"ancestorTitles":["shouldVacuumForBloat"],"fullName":"shouldVacuumForBloat returns false when the ratio is high but the absolute reclaimable size is trivial","status":"passed","title":"returns false when the ratio is high but the absolute reclaimable size is trivial","duration":0.1564999999999941,"failureMessages":[],"meta":{}},{"ancestorTitles":["shouldVacuumForBloat"],"fullName":"shouldVacuumForBloat returns false when the absolute size is large but the ratio is low (big but proportionally tidy)","status":"passed","title":"returns false when the absolute size is large but the ratio is low (big but proportionally tidy)","duration":0.14519999999998845,"failureMessages":[],"meta":{}},{"ancestorTitles":["shouldVacuumForBloat"],"fullName":"shouldVacuumForBloat returns true when both the ratio and absolute size clear their thresholds","status":"passed","title":"returns true when both the ratio and absolute size clear their thresholds","duration":0.12540000000001328,"failureMessages":[],"meta":{}},{"ancestorTitles":["shouldVacuumForBloat"],"fullName":"shouldVacuumForBloat is exact at the threshold boundaries","status":"passed","title":"is exact at the threshold boundaries","duration":0.289100000000019,"failureMessages":[],"meta":{}}],"startTime":1787771138294,"endTime":1787771138298.289,"status":"passed","message":"","name":"C:/Projects/Git/measly-notes/electron/databaseSanitationPolicy.test.ts"},{"assertionResults":[{"ancestorTitles":["DatabaseService assigned ids"],"fullName":"DatabaseService assigned ids backfills a legacy note that has no id at all, without touching one that has a real id","status":"passed","title":"backfills a legacy note that has no id at all, without touching one that has a real id","duration":328.9147,"failureMessages":[],"meta":{}},{"ancestorTitles":["DatabaseService assigned ids"],"fullName":"DatabaseService assigned ids is idempotent -- a second sanitation pass backfills nothing","status":"passed","title":"is idempotent -- a second sanitation pass backfills nothing","duration":106.89930000000004,"failureMessages":[],"meta":{}},{"ancestorTitles":["DatabaseService assigned ids"],"fullName":"DatabaseService assigned ids never gives a chapter an id -- chapters have no tab identity and must not consume NOTE-#n numbers","status":"passed","title":"never gives a chapter an id -- chapters have no tab identity and must not consume NOTE-#n numbers","duration":109.2523000000001,"failureMessages":[],"meta":{}},{"ancestorTitles":["DatabaseService assigned ids"],"fullName":"DatabaseService assigned ids hands an emptied id back as a provisional one, never as a title-derived one","status":"passed","title":"hands an emptied id back as a provisional one, never as a title-derived one","duration":91.8356,"failureMessages":[],"meta":{}},{"ancestorTitles":["DatabaseService assigned ids"],"fullName":"DatabaseService assigned ids backfills legacy chapters that predate chapter ids, numbering them per parent","status":"passed","title":"backfills legacy chapters that predate chapter ids, numbering them per parent","duration":117.17809999999997,"failureMessages":[],"meta":{}},{"ancestorTitles":["DatabaseService assigned ids"],"fullName":"DatabaseService assigned ids makes the chapter backfill idempotent","status":"passed","title":"makes the chapter backfill idempotent","duration":88.84789999999998,"failureMessages":[],"meta":{}},{"ancestorTitles":["DatabaseService assigned ids"],"fullName":"DatabaseService assigned ids backfills each id-less note with a distinct number","status":"passed","title":"backfills each id-less note with a distinct number","duration":107.95080000000007,"failureMessages":[],"meta":{}}],"startTime":1787771135385,"endTime":1787771136335.9507,"status":"passed","message":"","name":"C:/Projects/Git/measly-notes/electron/databaseService.assignedIds.test.ts"},{"assertionResults":[{"ancestorTitles":["DatabaseService chapters"],"fullName":"DatabaseService chapters rejects a note becoming a chapter of a second parent -- a chapter belongs to at most one parent, ever","status":"passed","title":"rejects a note becoming a chapter of a second parent -- a chapter belongs to at most one parent, ever","duration":131.50070000000005,"failureMessages":[],"meta":{}},{"ancestorTitles":["DatabaseService chapters"],"fullName":"DatabaseService chapters getChapterParent resolves a chapter note to its single parent, or null if it isn't a chapter","status":"passed","title":"getChapterParent resolves a chapter note to its single parent, or null if it isn't a chapter","duration":145.15280000000007,"failureMessages":[],"meta":{}},{"ancestorTitles":["DatabaseService chapters"],"fullName":"DatabaseService chapters re-attaching a chapter to a new parent after detaching from the old one is allowed","status":"passed","title":"re-attaching a chapter to a new parent after detaching from the old one is allowed","duration":102.00510000000008,"failureMessages":[],"meta":{}},{"ancestorTitles":["DatabaseService chapters"],"fullName":"DatabaseService chapters protects archived/deleted tags on a chapter from the parent-tag migration, but still migrates a regular one","status":"passed","title":"protects archived/deleted tags on a chapter from the parent-tag migration, but still migrates a regular one","duration":117.95570000000009,"failureMessages":[],"meta":{}},{"ancestorTitles":["DatabaseService chapters"],"fullName":"DatabaseService chapters maintains gapless positions per parent independently of the same chapter appearing elsewhere","status":"passed","title":"maintains gapless positions per parent independently of the same chapter appearing elsewhere","duration":84.03919999999994,"failureMessages":[],"meta":{}},{"ancestorTitles":["DatabaseService chapters"],"fullName":"DatabaseService chapters listNoteTabs never lists a chapterOnly note, regardless of how its note_tabs row got there","status":"passed","title":"listNoteTabs never lists a chapterOnly note, regardless of how its note_tabs row got there","duration":98.6432000000002,"failureMessages":[],"meta":{}},{"ancestorTitles":["DatabaseService chapters"],"fullName":"DatabaseService chapters still rejects a note being a chapter of itself","status":"passed","title":"still rejects a note being a chapter of itself","duration":71.654,"failureMessages":[],"meta":{}},{"ancestorTitles":["DatabaseService chapters"],"fullName":"DatabaseService chapters rejects adding the same chapter to the same parent twice","status":"passed","title":"rejects adding the same chapter to the same parent twice","duration":85.71569999999997,"failureMessages":[],"meta":{}},{"ancestorTitles":["DatabaseService chapters"],"fullName":"DatabaseService chapters deleting a parent note permanently deletes its chapters too, not just the attachment","status":"passed","title":"deleting a parent note permanently deletes its chapters too, not just the attachment","duration":84.28089999999997,"failureMessages":[],"meta":{}},{"ancestorTitles":["DatabaseService chapters"],"fullName":"DatabaseService chapters deleting a parent note also purges chapters currently detached (sitting in trash), regardless of attached/detached status","status":"passed","title":"deleting a parent note also purges chapters currently detached (sitting in trash), regardless of attached/detached status","duration":79.16269999999986,"failureMessages":[],"meta":{}},{"ancestorTitles":["DatabaseService chapters"],"fullName":"DatabaseService chapters deleting a note with no chapters only deletes that note","status":"passed","title":"deleting a note with no chapters only deletes that note","duration":69.19849999999997,"failureMessages":[],"meta":{}},{"ancestorTitles":["DatabaseService chapters","detachChapter / restoreDetachedChapter"],"fullName":"DatabaseService chapters detachChapter / restoreDetachedChapter detaching a middle chapter closes the gap, and restoring puts it back at its original index, shifting later chapters forward again","status":"passed","title":"detaching a middle chapter closes the gap, and restoring puts it back at its original index, shifting later chapters forward again","duration":76.05040000000008,"failureMessages":[],"meta":{}},{"ancestorTitles":["DatabaseService chapters","detachChapter / restoreDetachedChapter"],"fullName":"DatabaseService chapters detachChapter / restoreDetachedChapter preserves an assigned chapterId across a detach/restore round trip","status":"passed","title":"preserves an assigned chapterId across a detach/restore round trip","duration":98.35460000000012,"failureMessages":[],"meta":{}},{"ancestorTitles":["DatabaseService chapters","detachChapter / restoreDetachedChapter"],"fullName":"DatabaseService chapters detachChapter / restoreDetachedChapter restoring a chapter detached from the front or back lands it back exactly where it was","status":"passed","title":"restoring a chapter detached from the front or back lands it back exactly where it was","duration":88.67689999999993,"failureMessages":[],"meta":{}},{"ancestorTitles":["DatabaseService chapters","detachChapter / restoreDetachedChapter"],"fullName":"DatabaseService chapters detachChapter / restoreDetachedChapter restoring a chapter whose parent gained new chapters in the meantime clamps to the end instead of throwing","status":"passed","title":"restoring a chapter whose parent gained new chapters in the meantime clamps to the end instead of throwing","duration":97.29430000000002,"failureMessages":[],"meta":{}},{"ancestorTitles":["DatabaseService chapters","detachChapter / restoreDetachedChapter"],"fullName":"DatabaseService chapters detachChapter / restoreDetachedChapter restoring a chapter whose remembered parent no longer exists is a no-op, not a crash","status":"passed","title":"restoring a chapter whose remembered parent no longer exists is a no-op, not a crash","duration":106.7760000000003,"failureMessages":[],"meta":{}},{"ancestorTitles":["DatabaseService chapters","detachChapter / restoreDetachedChapter"],"fullName":"DatabaseService chapters detachChapter / restoreDetachedChapter a chapter detached with a live parent survives an app restart; one whose parent is truly gone is purged on the next boot","status":"passed","title":"a chapter detached with a live parent survives an app restart; one whose parent is truly gone is purged on the next boot","duration":131.76600000000008,"failureMessages":[],"meta":{}},{"ancestorTitles":["DatabaseService chapters","detachChapter / restoreDetachedChapter"],"fullName":"DatabaseService chapters detachChapter / restoreDetachedChapter detaching a chapter that is not currently attached is a no-op, returning the unchanged list","status":"passed","title":"detaching a chapter that is not currently attached is a no-op, returning the unchanged list","duration":96.67460000000028,"failureMessages":[],"meta":{}},{"ancestorTitles":["DatabaseService chapters","detachChapter / restoreDetachedChapter"],"fullName":"DatabaseService chapters detachChapter / restoreDetachedChapter restoring a chapter with no remembered detachment is a no-op","status":"passed","title":"restoring a chapter with no remembered detachment is a no-op","duration":170.7592999999997,"failureMessages":[],"meta":{}},{"ancestorTitles":["DatabaseService chapters","listChaptersIncludingArchived"],"fullName":"DatabaseService chapters listChaptersIncludingArchived is identical to listChaptersForNote when nothing is archived-and-detached","status":"passed","title":"is identical to listChaptersForNote when nothing is archived-and-detached","duration":74.19320000000016,"failureMessages":[],"meta":{}},{"ancestorTitles":["DatabaseService chapters","listChaptersIncludingArchived"],"fullName":"DatabaseService chapters listChaptersIncludingArchived splices a single archived-detached chapter back at its exact original position","status":"passed","title":"splices a single archived-detached chapter back at its exact original position","duration":74.11900000000014,"failureMessages":[],"meta":{}},{"ancestorTitles":["DatabaseService chapters","listChaptersIncludingArchived"],"fullName":"DatabaseService chapters listChaptersIncludingArchived reconstructs the exact original order across multiple chapters archived at different times, by replaying detachments in reverse chronological order","status":"passed","title":"reconstructs the exact original order across multiple chapters archived at different times, by replaying detachments in reverse chronological order","duration":86.36749999999984,"failureMessages":[],"meta":{}},{"ancestorTitles":["DatabaseService chapters","listChaptersIncludingArchived"],"fullName":"DatabaseService chapters listChaptersIncludingArchived excludes a detached chapter tagged deleted (not archived), and one detached from a different parent","status":"passed","title":"excludes a detached chapter tagged deleted (not archived), and one detached from a different parent","duration":85.40470000000005,"failureMessages":[],"meta":{}},{"ancestorTitles":["DatabaseService chapters","setChapterId"],"fullName":"DatabaseService chapters setChapterId assigns and normalizes a chapterId, defaulting to a provisional one","status":"passed","title":"assigns and normalizes a chapterId, defaulting to a provisional one","duration":92.37710000000015,"failureMessages":[],"meta":{}},{"ancestorTitles":["DatabaseService chapters","setChapterId"],"fullName":"DatabaseService chapters setChapterId clears a chapterId back to a provisional one given an empty string","status":"passed","title":"clears a chapterId back to a provisional one given an empty string","duration":73.72879999999986,"failureMessages":[],"meta":{}},{"ancestorTitles":["DatabaseService chapters","setChapterId"],"fullName":"DatabaseService chapters setChapterId dedupes chapterId collisions within the same parent with a \"-2\" suffix","status":"passed","title":"dedupes chapterId collisions within the same parent with a \"-2\" suffix","duration":65.7152000000001,"failureMessages":[],"meta":{}},{"ancestorTitles":["DatabaseService chapters","setChapterId"],"fullName":"DatabaseService chapters setChapterId scopes chapterId uniqueness per parent -- the same id is reusable across different parents","status":"passed","title":"scopes chapterId uniqueness per parent -- the same id is reusable across different parents","duration":74.85950000000003,"failureMessages":[],"meta":{}},{"ancestorTitles":["DatabaseService chapters","setChapterId"],"fullName":"DatabaseService chapters setChapterId lets a chapter keep its own current chapterId unchanged without colliding with itself","status":"passed","title":"lets a chapter keep its own current chapterId unchanged without colliding with itself","duration":62.16519999999991,"failureMessages":[],"meta":{}},{"ancestorTitles":["DatabaseService startup migration back to single-parent chapters"],"fullName":"DatabaseService startup migration back to single-parent chapters dedupes multi-parent chapters (keeping the oldest attachment), merges orphaned chapter tags onto the parent, and purges parentless chapters","status":"passed","title":"dedupes multi-parent chapters (keeping the oldest attachment), merges orphaned chapter tags onto the parent, and purges parentless chapters","duration":221.36839999999984,"failureMessages":[],"meta":{}},{"ancestorTitles":["DatabaseService startup on a pre-chapterId database"],"fullName":"DatabaseService startup on a pre-chapterId database initializes cleanly against a chapters table that predates the chapterId column, backfilling it via migration","status":"passed","title":"initializes cleanly against a chapters table that predates the chapterId column, backfilling it via migration","duration":107.19920000000002,"failureMessages":[],"meta":{}}],"startTime":1787771133619,"endTime":1787771136573.1992,"status":"passed","message":"","name":"C:/Projects/Git/measly-notes/electron/databaseService.chapters.test.ts"},{"assertionResults":[{"ancestorTitles":["DatabaseService editor slots"],"fullName":"DatabaseService editor slots keeps geometry with the slot when its occupant is swapped out","status":"passed","title":"keeps geometry with the slot when its occupant is swapped out","duration":143.2821,"failureMessages":[],"meta":{}},{"ancestorTitles":["DatabaseService editor slots"],"fullName":"DatabaseService editor slots reports no geometry for a parked section, rather than the width of the slot it left","status":"passed","title":"reports no geometry for a parked section, rather than the width of the slot it left","duration":72.39659999999998,"failureMessages":[],"meta":{}},{"ancestorTitles":["DatabaseService editor slots"],"fullName":"DatabaseService editor slots slides the remaining slots down when one closes, so each surviving pane keeps its own geometry","status":"passed","title":"slides the remaining slots down when one closes, so each surviving pane keeps its own geometry","duration":97.66049999999996,"failureMessages":[],"meta":{}},{"ancestorTitles":["DatabaseService editor slots"],"fullName":"DatabaseService editor slots leaves geometry in place when sections are reordered between slots","status":"passed","title":"leaves geometry in place when sections are reordered between slots","duration":90.0132000000001,"failureMessages":[],"meta":{}},{"ancestorTitles":["DatabaseService editor slots"],"fullName":"DatabaseService editor slots reuses an existing empty slot when backfilling one a swap vacated, instead of opening another","status":"passed","title":"reuses an existing empty slot when backfilling one a swap vacated, instead of opening another","duration":90.36579999999992,"failureMessages":[],"meta":{}},{"ancestorTitles":["DatabaseService editor slots"],"fullName":"DatabaseService editor slots survives a restart, reading geometry back from a fresh service instance","status":"passed","title":"survives a restart, reading geometry back from a fresh service instance","duration":118.03050000000007,"failureMessages":[],"meta":{}}],"startTime":1787771134740,"endTime":1787771135352.0305,"status":"passed","message":"","name":"C:/Projects/Git/measly-notes/electron/databaseService.slots.test.ts"},{"assertionResults":[{"ancestorTitles":["DatabaseService timeless notes"],"fullName":"DatabaseService timeless notes freezeNoteFamily stamps isTimeless on the root and every chapter, and clears each one's snapshot history","status":"passed","title":"freezeNoteFamily stamps isTimeless on the root and every chapter, and clears each one's snapshot history","duration":101.39609999999999,"failureMessages":[],"meta":{}},{"ancestorTitles":["DatabaseService timeless notes"],"fullName":"DatabaseService timeless notes unfreezeNoteFamily clears isTimeless on the root and every chapter, without restoring any history","status":"passed","title":"unfreezeNoteFamily clears isTimeless on the root and every chapter, without restoring any history","duration":67.97290000000004,"failureMessages":[],"meta":{}},{"ancestorTitles":["DatabaseService timeless notes"],"fullName":"DatabaseService timeless notes a timeless note rejects every content/tag/chapter/snapshot mutation until unfrozen -- real database-layer protection, not just a UI guard","status":"passed","title":"a timeless note rejects every content/tag/chapter/snapshot mutation until unfrozen -- real database-layer protection, not just a UI guard","duration":62.589399999999955,"failureMessages":[],"meta":{}},{"ancestorTitles":["DatabaseService timeless notes"],"fullName":"DatabaseService timeless notes the outsider note being linked as a new chapter is itself unaffected by the parent's freeze -- only the frozen note's own row is guarded","status":"passed","title":"the outsider note being linked as a new chapter is itself unaffected by the parent's freeze -- only the frozen note's own row is guarded","duration":62.25630000000001,"failureMessages":[],"meta":{}}],"startTime":1787771136727,"endTime":1787771137021.2563,"status":"passed","message":"","name":"C:/Projects/Git/measly-notes/electron/databaseService.timeless.test.ts"},{"assertionResults":[{"ancestorTitles":["packaging icon assets"],"fullName":"packaging icon assets keeps the macOS icon source at least 512x512 for electron-builder","status":"passed","title":"keeps the macOS icon source at least 512x512 for electron-builder","duration":1.4483999999999924,"failureMessages":[],"meta":{}}],"startTime":1787771139002,"endTime":1787771139003.4485,"status":"passed","message":"","name":"C:/Projects/Git/measly-notes/electron/iconAsset.test.ts"},{"assertionResults":[{"ancestorTitles":["NoteLifecycleService auto-TOC chapter"],"fullName":"NoteLifecycleService auto-TOC chapter creates a master index where each chapter's own first heading is its entry -- no separate chapter-id line","status":"passed","title":"creates a master index where each chapter's own first heading is its entry -- no separate chapter-id line","duration":265.16780000000006,"failureMessages":[],"meta":{}},{"ancestorTitles":["NoteLifecycleService auto-TOC chapter"],"fullName":"NoteLifecycleService auto-TOC chapter nests entries by heading level relative to their own family's root, not a hardcoded flat depth","status":"passed","title":"nests entries by heading level relative to their own family's root, not a hardcoded flat depth","duration":154.99869999999999,"failureMessages":[],"meta":{}},{"ancestorTitles":["NoteLifecycleService auto-TOC chapter"],"fullName":"NoteLifecycleService auto-TOC chapter never assigns any id itself, and the TOC is fully linked regardless -- internal navigation has no dependency on assigned ids at all","status":"passed","title":"never assigns any id itself, and the TOC is fully linked regardless -- internal navigation has no dependency on assigned ids at all","duration":143.85529999999994,"failureMessages":[],"meta":{}},{"ancestorTitles":["NoteLifecycleService auto-TOC chapter"],"fullName":"NoteLifecycleService auto-TOC chapter an unassigned parent and chapter both still produce fully working internal links","status":"passed","title":"an unassigned parent and chapter both still produce fully working internal links","duration":121.86629999999991,"failureMessages":[],"meta":{}},{"ancestorTitles":["NoteLifecycleService auto-TOC chapter"],"fullName":"NoteLifecycleService auto-TOC chapter regression: an unassigned chapter's own ## heading is still clickable in the TOC -- routed via the chapter's own real internal note id","status":"passed","title":"regression: an unassigned chapter's own ## heading is still clickable in the TOC -- routed via the chapter's own real internal note id","duration":116.13750000000005,"failureMessages":[],"meta":{}},{"ancestorTitles":["NoteLifecycleService auto-TOC chapter"],"fullName":"NoteLifecycleService auto-TOC chapter falls back to the same derived label its own pill would show for a chapter with no heading at all yet","status":"passed","title":"falls back to the same derived label its own pill would show for a chapter with no heading at all yet","duration":162.9194,"failureMessages":[],"meta":{}},{"ancestorTitles":["NoteLifecycleService auto-TOC chapter"],"fullName":"NoteLifecycleService auto-TOC chapter regenerating twice with nothing changed is a true no-op on the TOC chapter's own updatedAtMs","status":"passed","title":"regenerating twice with nothing changed is a true no-op on the TOC chapter's own updatedAtMs","duration":145.98450000000003,"failureMessages":[],"meta":{}},{"ancestorTitles":["NoteLifecycleService auto-TOC chapter"],"fullName":"NoteLifecycleService auto-TOC chapter regenerating after a new heading is added elsewhere picks it up","status":"passed","title":"regenerating after a new heading is added elsewhere picks it up","duration":142.38990000000013,"failureMessages":[],"meta":{}},{"ancestorTitles":["NoteLifecycleService auto-TOC chapter"],"fullName":"NoteLifecycleService auto-TOC chapter throws creating a second auto-TOC chapter for the same parent","status":"passed","title":"throws creating a second auto-TOC chapter for the same parent","duration":139.52150000000006,"failureMessages":[],"meta":{}},{"ancestorTitles":["NoteLifecycleService auto-TOC chapter"],"fullName":"NoteLifecycleService auto-TOC chapter throws regenerating a parent with no auto-TOC chapter","status":"passed","title":"throws regenerating a parent with no auto-TOC chapter","duration":78.05229999999983,"failureMessages":[],"meta":{}},{"ancestorTitles":["NoteLifecycleService auto-TOC chapter"],"fullName":"NoteLifecycleService auto-TOC chapter never walks the auto-Open-Items chapter as a real chapter (regression: previously produced duplicate, malformed entries for its own group headings)","status":"passed","title":"never walks the auto-Open-Items chapter as a real chapter (regression: previously produced duplicate, malformed entries for its own group headings)","duration":184.96450000000004,"failureMessages":[],"meta":{}},{"ancestorTitles":["NoteLifecycleService auto-TOC chapter"],"fullName":"NoteLifecycleService auto-TOC chapter regenerates the TOC automatically as a side effect of saving a chapter with an edited heading","status":"passed","title":"regenerates the TOC automatically as a side effect of saving a chapter with an edited heading","duration":195.00279999999975,"failureMessages":[],"meta":{}},{"ancestorTitles":["NoteLifecycleService auto-TOC chapter"],"fullName":"NoteLifecycleService auto-TOC chapter does not regenerate the TOC when a save does not touch any heading","status":"passed","title":"does not regenerate the TOC when a save does not touch any heading","duration":166.02030000000013,"failureMessages":[],"meta":{}},{"ancestorTitles":["NoteLifecycleService auto-TOC chapter"],"fullName":"NoteLifecycleService auto-TOC chapter does not recurse or duplicate-regenerate when a save-triggered TOC refresh saves the TOC chapter's own text","status":"passed","title":"does not recurse or duplicate-regenerate when a save-triggered TOC refresh saves the TOC chapter's own text","duration":131.5005000000001,"failureMessages":[],"meta":{}},{"ancestorTitles":["NoteLifecycleService auto-TOC chapter"],"fullName":"NoteLifecycleService auto-TOC chapter never derives a chapter's \"title\" from its level-2 heading -- chapters have no title concept, only a chapterId (titleFromText stays level-1-only)","status":"passed","title":"never derives a chapter's \"title\" from its level-2 heading -- chapters have no title concept, only a chapterId (titleFromText stays level-1-only)","duration":126.0027,"failureMessages":[],"meta":{}},{"ancestorTitles":["NoteLifecycleService auto-TOC chapter"],"fullName":"NoteLifecycleService auto-TOC chapter two chapters sharing the same first-heading text still resolve to distinct targets, since links are keyed by real internal note id","status":"passed","title":"two chapters sharing the same first-heading text still resolve to distinct targets, since links are keyed by real internal note id","duration":145.8073999999997,"failureMessages":[],"meta":{}}],"startTime":1787771133694,"endTime":1787771136114.8074,"status":"passed","message":"","name":"C:/Projects/Git/measly-notes/electron/noteLifecycleService.autoToc.test.ts"},{"assertionResults":[{"ancestorTitles":["NoteLifecycleService chapter-creation cleanup on a missing parent"],"fullName":"NoteLifecycleService chapter-creation cleanup on a missing parent createChapterNote against a nonexistent parent throws cleanly and leaves no orphan note behind","status":"passed","title":"createChapterNote against a nonexistent parent throws cleanly and leaves no orphan note behind","duration":124.3449,"failureMessages":[],"meta":{}},{"ancestorTitles":["NoteLifecycleService chapter-creation cleanup on a missing parent"],"fullName":"NoteLifecycleService chapter-creation cleanup on a missing parent createAutoTocChapter against a nonexistent parent throws cleanly and leaves no orphan note behind","status":"passed","title":"createAutoTocChapter against a nonexistent parent throws cleanly and leaves no orphan note behind","duration":70.04019999999997,"failureMessages":[],"meta":{}},{"ancestorTitles":["NoteLifecycleService chapter-creation cleanup on a missing parent"],"fullName":"NoteLifecycleService chapter-creation cleanup on a missing parent cloneNoteAsChapter against a nonexistent parent throws cleanly and leaves no orphan note behind","status":"passed","title":"cloneNoteAsChapter against a nonexistent parent throws cleanly and leaves no orphan note behind","duration":110.11710000000005,"failureMessages":[],"meta":{}}],"startTime":1787771137254,"endTime":1787771137559.1172,"status":"passed","message":"","name":"C:/Projects/Git/measly-notes/electron/noteLifecycleService.chapterCreationCleanup.test.ts"},{"assertionResults":[{"ancestorTitles":["NoteLifecycleService auto-Open-Items chapter"],"fullName":"NoteLifecycleService auto-Open-Items chapter is created lazily, pinned right after auto-TOC, once a checklist item is saved","status":"passed","title":"is created lazily, pinned right after auto-TOC, once a checklist item is saved","duration":249.33679999999993,"failureMessages":[],"meta":{}},{"ancestorTitles":["NoteLifecycleService auto-Open-Items chapter"],"fullName":"NoteLifecycleService auto-Open-Items chapter still produces a fully linked group when the note has no assigned id -- internal navigation never needs one","status":"passed","title":"still produces a fully linked group when the note has no assigned id -- internal navigation never needs one","duration":140.2038,"failureMessages":[],"meta":{}},{"ancestorTitles":["NoteLifecycleService auto-Open-Items chapter"],"fullName":"NoteLifecycleService auto-Open-Items chapter falls back to the derived-snippet label for a chapter with no heading at all yet","status":"passed","title":"falls back to the derived-snippet label for a chapter with no heading at all yet","duration":169.99519999999995,"failureMessages":[],"meta":{}},{"ancestorTitles":["NoteLifecycleService auto-Open-Items chapter"],"fullName":"NoteLifecycleService auto-Open-Items chapter groups the parent's own headless items directly under its title link","status":"passed","title":"groups the parent's own headless items directly under its title link","duration":145.3496,"failureMessages":[],"meta":{}},{"ancestorTitles":["NoteLifecycleService auto-Open-Items chapter"],"fullName":"NoteLifecycleService auto-Open-Items chapter disappears once the only unchecked item is checked off","status":"passed","title":"disappears once the only unchecked item is checked off","duration":124.9529,"failureMessages":[],"meta":{}},{"ancestorTitles":["NoteLifecycleService auto-Open-Items chapter"],"fullName":"NoteLifecycleService auto-Open-Items chapter does not regenerate on a pure text edit to an existing unchecked item's own wording","status":"passed","title":"does not regenerate on a pure text edit to an existing unchecked item's own wording","duration":171.26350000000002,"failureMessages":[],"meta":{}},{"ancestorTitles":["NoteLifecycleService auto-Open-Items chapter"],"fullName":"NoteLifecycleService auto-Open-Items chapter reorders existing groups to match a new chapter order without rescanning any note","status":"passed","title":"reorders existing groups to match a new chapter order without rescanning any note","duration":142.43870000000015,"failureMessages":[],"meta":{}},{"ancestorTitles":["NoteLifecycleService auto-Open-Items chapter"],"fullName":"NoteLifecycleService auto-Open-Items chapter drops just the removed chapter's own group, and removes the whole chapter once none are left","status":"passed","title":"drops just the removed chapter's own group, and removes the whole chapter once none are left","duration":170.79370000000017,"failureMessages":[],"meta":{}},{"ancestorTitles":["NoteLifecycleService auto-Open-Items chapter","toggleOpenItemCheckedState"],"fullName":"NoteLifecycleService auto-Open-Items chapter toggleOpenItemCheckedState checks the real item off in its own source chapter, without changing the Open Items chapter's own text at all","status":"passed","title":"checks the real item off in its own source chapter, without changing the Open Items chapter's own text at all","duration":157.32360000000017,"failureMessages":[],"meta":{}},{"ancestorTitles":["NoteLifecycleService auto-Open-Items chapter","toggleOpenItemCheckedState"],"fullName":"NoteLifecycleService auto-Open-Items chapter toggleOpenItemCheckedState un-checks it again on a second click at the same line, still without touching the Open Items chapter","status":"passed","title":"un-checks it again on a second click at the same line, still without touching the Open Items chapter","duration":115.79980000000023,"failureMessages":[],"meta":{}},{"ancestorTitles":["NoteLifecycleService auto-Open-Items chapter","toggleOpenItemCheckedState"],"fullName":"NoteLifecycleService auto-Open-Items chapter toggleOpenItemCheckedState serializes two concurrent toggles on the same line so a rapid double-click does not lose the second click","status":"passed","title":"serializes two concurrent toggles on the same line so a rapid double-click does not lose the second click","duration":235.07850000000008,"failureMessages":[],"meta":{}},{"ancestorTitles":["NoteLifecycleService auto-Open-Items chapter","toggleOpenItemCheckedState"],"fullName":"NoteLifecycleService auto-Open-Items chapter toggleOpenItemCheckedState returns false and changes nothing for a line that is not a real checklist item","status":"passed","title":"returns false and changes nothing for a line that is not a real checklist item","duration":154.26170000000002,"failureMessages":[],"meta":{}}],"startTime":1787771133694,"endTime":1787771135671.2617,"status":"passed","message":"","name":"C:/Projects/Git/measly-notes/electron/noteLifecycleService.openItems.test.ts"},{"assertionResults":[{"ancestorTitles":["sealed documents"],"fullName":"sealed documents refuses to unfreeze the User Guide even when the request comes straight from the service","status":"passed","title":"refuses to unfreeze the User Guide even when the request comes straight from the service","duration":339.41169999999994,"failureMessages":[],"meta":{}},{"ancestorTitles":["sealed documents"],"fullName":"sealed documents leaves the guide unwritable after an attempted unfreeze","status":"passed","title":"leaves the guide unwritable after an attempted unfreeze","duration":229.41969999999992,"failureMessages":[],"meta":{}},{"ancestorTitles":["sealed documents"],"fullName":"sealed documents still lets an ordinary note be frozen and unfrozen at will","status":"passed","title":"still lets an ordinary note be frozen and unfrozen at will","duration":344.97120000000007,"failureMessages":[],"meta":{}},{"ancestorTitles":["sealed documents"],"fullName":"sealed documents re-seals a guide that was left unfrozen -- the state a database can be in from before the seal existed","status":"passed","title":"re-seals a guide that was left unfrozen -- the state a database can be in from before the seal existed","duration":167.2668000000001,"failureMessages":[],"meta":{}},{"ancestorTitles":["sealed documents"],"fullName":"sealed documents seals every chapter of the guide, not just its root","status":"passed","title":"seals every chapter of the guide, not just its root","duration":318.1809999999998,"failureMessages":[],"meta":{}}],"startTime":1787771137005,"endTime":1787771138405.181,"status":"passed","message":"","name":"C:/Projects/Git/measly-notes/electron/sealedDocuments.test.ts"},{"assertionResults":[{"ancestorTitles":["StateService app-state field round-trip"],"fullName":"StateService app-state field round-trip persists isDoubleSizeMode across a save -> fresh-instance load, simulating an app restart","status":"passed","title":"persists isDoubleSizeMode across a save -> fresh-instance load, simulating an app restart","duration":18.798400000000015,"failureMessages":[],"meta":{}},{"ancestorTitles":["StateService app-state field round-trip"],"fullName":"StateService app-state field round-trip persists isDoubleSizeMode: false explicitly (not just \"field present\")","status":"passed","title":"persists isDoubleSizeMode: false explicitly (not just \"field present\")","duration":5.587299999999971,"failureMessages":[],"meta":{}},{"ancestorTitles":["StateService app-state field round-trip"],"fullName":"StateService app-state field round-trip flushAppStateOnClose (the before-quit safety net) also preserves isDoubleSizeMode","status":"passed","title":"flushAppStateOnClose (the before-quit safety net) also preserves isDoubleSizeMode","duration":8.072600000000023,"failureMessages":[],"meta":{}},{"ancestorTitles":["StateService app-state field round-trip"],"fullName":"StateService app-state field round-trip round-trips every other boolean menu toggle touched by the same persistMenuStateNow consolidation (App.tsx/CLAUDE.md)","status":"passed","title":"round-trips every other boolean menu toggle touched by the same persistMenuStateNow consolidation (App.tsx/CLAUDE.md)","duration":3.9239000000000033,"failureMessages":[],"meta":{}},{"ancestorTitles":["StateService app-state field round-trip"],"fullName":"StateService app-state field round-trip persists the unified global spellcheck toggle across a save -> fresh-instance load","status":"passed","title":"persists the unified global spellcheck toggle across a save -> fresh-instance load","duration":6.0504999999999995,"failureMessages":[],"meta":{}}],"startTime":1787771136439,"endTime":1787771136482.0505,"status":"passed","message":"","name":"C:/Projects/Git/measly-notes/electron/stateService.test.ts"},{"assertionResults":[{"ancestorTitles":["ensureHelpGuide"],"fullName":"ensureHelpGuide leaves the whole guide family timeless after seeding, with every real chapter linked","status":"passed","title":"leaves the whole guide family timeless after seeding, with every real chapter linked","duration":259.094,"failureMessages":[],"meta":{}},{"ancestorTitles":["ensureHelpGuide"],"fullName":"ensureHelpGuide re-running seeding against an already-frozen guide (every real startup) does not throw, and leaves it frozen","status":"passed","title":"re-running seeding against an already-frozen guide (every real startup) does not throw, and leaves it frozen","duration":398.6684,"failureMessages":[],"meta":{}},{"ancestorTitles":["ensureHelpGuide"],"fullName":"ensureHelpGuide a real edit attempt against the seeded (frozen) guide root is rejected -- it stays protected between reseeds, not just during them","status":"passed","title":"a real edit attempt against the seeded (frozen) guide root is rejected -- it stays protected between reseeds, not just during them","duration":191.64790000000005,"failureMessages":[],"meta":{}},{"ancestorTitles":["ensureHelpGuide"],"fullName":"ensureHelpGuide skips the whole reseed (no unfreeze, no writes) on a second call once the content hash already matches","status":"passed","title":"skips the whole reseed (no unfreeze, no writes) on a second call once the content hash already matches","duration":315.9257,"failureMessages":[],"meta":{}},{"ancestorTitles":["ensureHelpGuide"],"fullName":"ensureHelpGuide reseeds again if the stored hash is missing or stale, even though the guide is already frozen","status":"passed","title":"reseeds again if the stored hash is missing or stale, even though the guide is already frozen","duration":445.7508,"failureMessages":[],"meta":{}}],"startTime":1787771137256,"endTime":1787771138867.7507,"status":"passed","message":"","name":"C:/Projects/Git/measly-notes/electron/help/helpGuideNote.test.ts"},{"assertionResults":[{"ancestorTitles":["collapseSurgerySite"],"fullName":"collapseSurgerySite collapses a blank line on both sides down to a single blank line","status":"passed","title":"collapses a blank line on both sides down to a single blank line","duration":1.1203999999999894,"failureMessages":[],"meta":{}},{"ancestorTitles":["collapseSurgerySite"],"fullName":"collapseSurgerySite leaves a single pre-existing blank line untouched","status":"passed","title":"leaves a single pre-existing blank line untouched","duration":0.21410000000000196,"failureMessages":[],"meta":{}},{"ancestorTitles":["collapseSurgerySite"],"fullName":"collapseSurgerySite does not invent a separator when the cut was mid-paragraph","status":"passed","title":"does not invent a separator when the cut was mid-paragraph","duration":0.17919999999998026,"failureMessages":[],"meta":{}},{"ancestorTitles":["collapseSurgerySite"],"fullName":"collapseSurgerySite drops trailing blank lines when cutting to the very end of the document","status":"passed","title":"drops trailing blank lines when cutting to the very end of the document","duration":0.1454999999999984,"failureMessages":[],"meta":{}},{"ancestorTitles":["collapseSurgerySite"],"fullName":"collapseSurgerySite drops leading blank lines when cutting from the very start of the document","status":"passed","title":"drops leading blank lines when cutting from the very start of the document","duration":0.14430000000001542,"failureMessages":[],"meta":{}},{"ancestorTitles":["collapseSurgerySite"],"fullName":"collapseSurgerySite collapses a lopsided run of extra blank lines down to one","status":"passed","title":"collapses a lopsided run of extra blank lines down to one","duration":0.15270000000001005,"failureMessages":[],"meta":{}},{"ancestorTitles":["collapseSurgerySite"],"fullName":"collapseSurgerySite collapsing an empty selection (both sides empty) yields an empty result","status":"passed","title":"collapsing an empty selection (both sides empty) yields an empty result","duration":0.13689999999999714,"failureMessages":[],"meta":{}},{"ancestorTitles":["trimBlankLines"],"fullName":"trimBlankLines strips leading and trailing blank lines swept up in the selection","status":"passed","title":"strips leading and trailing blank lines swept up in the selection","duration":1.137599999999992,"failureMessages":[],"meta":{}},{"ancestorTitles":["trimBlankLines"],"fullName":"trimBlankLines strips only a leading run","status":"passed","title":"strips only a leading run","duration":0.38280000000000314,"failureMessages":[],"meta":{}},{"ancestorTitles":["trimBlankLines"],"fullName":"trimBlankLines strips only a trailing run","status":"passed","title":"strips only a trailing run","duration":0.16960000000000264,"failureMessages":[],"meta":{}},{"ancestorTitles":["trimBlankLines"],"fullName":"trimBlankLines leaves internal blank lines (multi-paragraph extraction) untouched","status":"passed","title":"leaves internal blank lines (multi-paragraph extraction) untouched","duration":0.18959999999998445,"failureMessages":[],"meta":{}},{"ancestorTitles":["trimBlankLines"],"fullName":"trimBlankLines is a no-op when there are no surrounding blank lines","status":"passed","title":"is a no-op when there are no surrounding blank lines","duration":0.12059999999999604,"failureMessages":[],"meta":{}},{"ancestorTitles":["trimBlankLines"],"fullName":"trimBlankLines reduces an all-blank-lines selection to an empty string","status":"passed","title":"reduces an all-blank-lines selection to an empty string","duration":0.09749999999999659,"failureMessages":[],"meta":{}}],"startTime":1787771137524,"endTime":1787771137529.0974,"status":"passed","message":"","name":"C:/Projects/Git/measly-notes/src/chapters/chapterExtraction.test.ts"},{"assertionResults":[{"ancestorTitles":["applyCreateChapterModeTransition"],"fullName":"applyCreateChapterModeTransition switches from render mode to edit mode when creating a chapter","status":"passed","title":"switches from render mode to edit mode when creating a chapter","duration":2.6252999999999815,"failureMessages":[],"meta":{}},{"ancestorTitles":["applyCreateChapterModeTransition"],"fullName":"applyCreateChapterModeTransition forces a forced-preview note back into edit mode instead of toggling","status":"passed","title":"forces a forced-preview note back into edit mode instead of toggling","duration":1.2807999999999993,"failureMessages":[],"meta":{}},{"ancestorTitles":["applyCreateChapterModeTransition"],"fullName":"applyCreateChapterModeTransition does nothing while the section is already in edit mode","status":"passed","title":"does nothing while the section is already in edit mode","duration":0.30970000000002074,"failureMessages":[],"meta":{}}],"startTime":1787771138826,"endTime":1787771138830.3098,"status":"passed","message":"","name":"C:/Projects/Git/measly-notes/src/chapters/useNoteChapters.test.ts"},{"assertionResults":[{"ancestorTitles":["readSelectionRect: soft-wrap boundary affinity"],"fullName":"readSelectionRect: soft-wrap boundary affinity overrides to the new line when the caret sits at an ambiguous wrap boundary","status":"passed","title":"overrides to the new line when the caret sits at an ambiguous wrap boundary","duration":6.296199999999999,"failureMessages":[],"meta":{}},{"ancestorTitles":["readSelectionRect: soft-wrap boundary affinity"],"fullName":"readSelectionRect: soft-wrap boundary affinity forceUpstreamAffinity skips the override, e.g. for End/Shift+End","status":"passed","title":"forceUpstreamAffinity skips the override, e.g. for End/Shift+End","duration":1.0173000000002048,"failureMessages":[],"meta":{}},{"ancestorTitles":["readSelectionRect: soft-wrap boundary affinity"],"fullName":"readSelectionRect: soft-wrap boundary affinity leaves an unambiguous mid-line caret untouched","status":"passed","title":"leaves an unambiguous mid-line caret untouched","duration":0.7985000000001037,"failureMessages":[],"meta":{}},{"ancestorTitles":["readSelectionRect: soft-wrap boundary affinity"],"fullName":"readSelectionRect: soft-wrap boundary affinity does not override for sub-pixel font jitter within the same row","status":"passed","title":"does not override for sub-pixel font jitter within the same row","duration":0.7193999999999505,"failureMessages":[],"meta":{}},{"ancestorTitles":["readSelectionRect: soft-wrap boundary affinity"],"fullName":"readSelectionRect: soft-wrap boundary affinity tunnels through wrapper spans to find the real next character","status":"passed","title":"tunnels through wrapper spans to find the real next character","duration":2.079400000000078,"failureMessages":[],"meta":{}},{"ancestorTitles":["readSelectionRect: soft-wrap boundary affinity"],"fullName":"readSelectionRect: soft-wrap boundary affinity does not tunnel through a <br> hard break (shift+Enter)","status":"passed","title":"does not tunnel through a <br> hard break (shift+Enter)","duration":1.0539000000001124,"failureMessages":[],"meta":{}}],"startTime":1787771140197,"endTime":1787771140209.054,"status":"passed","message":"","name":"C:/Projects/Git/measly-notes/src/editor/CaretRect.test.ts"},{"assertionResults":[{"ancestorTitles":["resolveMarkdownChecklistCaretClickToggleTransform"],"fullName":"resolveMarkdownChecklistCaretClickToggleTransform checks an unchecked box, replacing the space with X","status":"passed","title":"checks an unchecked box, replacing the space with X","duration":1.5249999999999773,"failureMessages":[],"meta":{}},{"ancestorTitles":["resolveMarkdownChecklistCaretClickToggleTransform"],"fullName":"resolveMarkdownChecklistCaretClickToggleTransform unchecks a checked box, replacing the state char with a space","status":"passed","title":"unchecks a checked box, replacing the state char with a space","duration":0.28600000000000136,"failureMessages":[],"meta":{}},{"ancestorTitles":["resolveMarkdownChecklistCaretClickToggleTransform"],"fullName":"resolveMarkdownChecklistCaretClickToggleTransform works with quote-prefixed unordered checklist items","status":"passed","title":"works with quote-prefixed unordered checklist items","duration":0.1922999999999888,"failureMessages":[],"meta":{}},{"ancestorTitles":["resolveMarkdownChecklistCaretClickToggleTransform"],"fullName":"resolveMarkdownChecklistCaretClickToggleTransform returns null when caret is not exactly after opening bracket","status":"passed","title":"returns null when caret is not exactly after opening bracket","duration":0.13949999999999818,"failureMessages":[],"meta":{}},{"ancestorTitles":["resolveMarkdownChecklistCaretClickToggleTransform"],"fullName":"resolveMarkdownChecklistCaretClickToggleTransform returns null when checkbox is not after unordered bullet marker","status":"passed","title":"returns null when checkbox is not after unordered bullet marker","duration":0.14989999999994552,"failureMessages":[],"meta":{}},{"ancestorTitles":["resolveMarkdownChecklistCaretClickToggleTransform"],"fullName":"resolveMarkdownChecklistCaretClickToggleTransform returns null when selection is not collapsed","status":"passed","title":"returns null when selection is not collapsed","duration":0.1572999999999638,"failureMessages":[],"meta":{}},{"ancestorTitles":["resolveMarkdownChecklistLineToggleTransform"],"fullName":"resolveMarkdownChecklistLineToggleTransform checks an unchecked box on the given line","status":"passed","title":"checks an unchecked box on the given line","duration":0.27290000000004966,"failureMessages":[],"meta":{}},{"ancestorTitles":["resolveMarkdownChecklistLineToggleTransform"],"fullName":"resolveMarkdownChecklistLineToggleTransform unchecks a checked box on the given line","status":"passed","title":"unchecks a checked box on the given line","duration":0.21649999999999636,"failureMessages":[],"meta":{}},{"ancestorTitles":["resolveMarkdownChecklistLineToggleTransform"],"fullName":"resolveMarkdownChecklistLineToggleTransform only touches the targeted line, not other checkboxes","status":"passed","title":"only touches the targeted line, not other checkboxes","duration":0.1665999999999599,"failureMessages":[],"meta":{}},{"ancestorTitles":["resolveMarkdownChecklistLineToggleTransform"],"fullName":"resolveMarkdownChecklistLineToggleTransform works with quote-prefixed unordered checklist items","status":"passed","title":"works with quote-prefixed unordered checklist items","duration":0.21930000000003247,"failureMessages":[],"meta":{}},{"ancestorTitles":["resolveMarkdownChecklistLineToggleTransform"],"fullName":"resolveMarkdownChecklistLineToggleTransform returns null when the line has no checkbox","status":"passed","title":"returns null when the line has no checkbox","duration":0.11320000000000618,"failureMessages":[],"meta":{}},{"ancestorTitles":["resolveMarkdownChecklistLineToggleTransform"],"fullName":"resolveMarkdownChecklistLineToggleTransform returns null for an out-of-range line","status":"passed","title":"returns null for an out-of-range line","duration":0.20419999999995753,"failureMessages":[],"meta":{}}],"startTime":1787771136300,"endTime":1787771136304.2192,"status":"passed","message":"","name":"C:/Projects/Git/measly-notes/src/editor/ChecklistCaretClickTogglePolicy.test.ts"},{"assertionResults":[{"ancestorTitles":["resolveMarkdownChecklistTypeoverTransform"],"fullName":"resolveMarkdownChecklistTypeoverTransform replaces checklist spacer with typed character in unordered list item","status":"passed","title":"replaces checklist spacer with typed character in unordered list item","duration":1.6223000000000525,"failureMessages":[],"meta":{}},{"ancestorTitles":["resolveMarkdownChecklistTypeoverTransform"],"fullName":"resolveMarkdownChecklistTypeoverTransform works with quote-prefixed unordered checklist items","status":"passed","title":"works with quote-prefixed unordered checklist items","duration":0.38880000000000337,"failureMessages":[],"meta":{}},{"ancestorTitles":["resolveMarkdownChecklistTypeoverTransform"],"fullName":"resolveMarkdownChecklistTypeoverTransform returns null when caret is not exactly after opening bracket","status":"passed","title":"returns null when caret is not exactly after opening bracket","duration":0.27369999999996253,"failureMessages":[],"meta":{}},{"ancestorTitles":["resolveMarkdownChecklistTypeoverTransform"],"fullName":"resolveMarkdownChecklistTypeoverTransform returns null when checkbox is not after unordered bullet marker","status":"passed","title":"returns null when checkbox is not after unordered bullet marker","duration":0.1822999999999979,"failureMessages":[],"meta":{}},{"ancestorTitles":["resolveMarkdownChecklistTypeoverTransform"],"fullName":"resolveMarkdownChecklistTypeoverTransform returns null for space character inserts","status":"passed","title":"returns null for space character inserts","duration":0.14229999999997744,"failureMessages":[],"meta":{}}],"startTime":1787771137956,"endTime":1787771137959.1423,"status":"passed","message":"","name":"C:/Projects/Git/measly-notes/src/editor/ChecklistTypingTransformPolicy.test.ts"},{"assertionResults":[{"ancestorTitles":["resolveWordRange pair-aware expansion"],"fullName":"resolveWordRange pair-aware expansion selects text inside brackets when the regular word expansion includes the pair","status":"passed","title":"selects text inside brackets when the regular word expansion includes the pair","duration":1.8473000000000184,"failureMessages":[],"meta":{}},{"ancestorTitles":["resolveWordRange pair-aware expansion"],"fullName":"resolveWordRange pair-aware expansion selects text inside double quotes when the regular expansion includes the pair","status":"passed","title":"selects text inside double quotes when the regular expansion includes the pair","duration":0.24130000000002383,"failureMessages":[],"meta":{}},{"ancestorTitles":["resolveWordRange pair-aware expansion"],"fullName":"resolveWordRange pair-aware expansion expands to include the delimiter pair when current selection already equals the inner secondary expansion","status":"passed","title":"expands to include the delimiter pair when current selection already equals the inner secondary expansion","duration":0.19650000000001455,"failureMessages":[],"meta":{}},{"ancestorTitles":["resolveWordRange pair-aware expansion"],"fullName":"resolveWordRange pair-aware expansion preserves the regular expansion when brackets are not balanced","status":"passed","title":"preserves the regular expansion when brackets are not balanced","duration":0.2512999999999579,"failureMessages":[],"meta":{}},{"ancestorTitles":["resolveWordRange pair-aware expansion"],"fullName":"resolveWordRange pair-aware expansion does not treat single quotes as a pair, since it collides with contractions","status":"passed","title":"does not treat single quotes as a pair, since it collides with contractions","duration":0.18090000000000828,"failureMessages":[],"meta":{}},{"ancestorTitles":["resolveWordRange pair-aware expansion"],"fullName":"resolveWordRange pair-aware expansion selects the word an inside parentheses without jumping directly to sentence","status":"passed","title":"selects the word an inside parentheses without jumping directly to sentence","duration":0.17619999999999436,"failureMessages":[],"meta":{}},{"ancestorTitles":["resolveWordRange pair-aware expansion"],"fullName":"resolveWordRange pair-aware expansion selects the full parenthetical contents when expanding sentence selection inside parentheses","status":"passed","title":"selects the full parenthetical contents when expanding sentence selection inside parentheses","duration":0.155399999999986,"failureMessages":[],"meta":{}},{"ancestorTitles":["resolveWordRange pair-aware expansion"],"fullName":"resolveWordRange pair-aware expansion treats an opening parenthesis as a hard guard when selecting a sentence inside parentheses","status":"passed","title":"treats an opening parenthesis as a hard guard when selecting a sentence inside parentheses","duration":0.37110000000001264,"failureMessages":[],"meta":{}},{"ancestorTitles":["resolveWordRange pair-aware expansion"],"fullName":"resolveWordRange pair-aware expansion allows a single word inside parentheses to expand beyond the word when selecting a sentence","status":"passed","title":"allows a single word inside parentheses to expand beyond the word when selecting a sentence","duration":0.34850000000000136,"failureMessages":[],"meta":{}},{"ancestorTitles":["resolveWordRange pair-aware expansion"],"fullName":"resolveWordRange pair-aware expansion expands a single parenthesized word from word to pair scope","status":"passed","title":"expands a single parenthesized word from word to pair scope","duration":0.18969999999995935,"failureMessages":[],"meta":{}},{"ancestorTitles":["resolveWordRange pair-aware expansion"],"fullName":"resolveWordRange pair-aware expansion marks a sentence scope as pair-aware adjustment when sentence expansion is clamped to the bracket interior","status":"passed","title":"marks a sentence scope as pair-aware adjustment when sentence expansion is clamped to the bracket interior","duration":0.186300000000017,"failureMessages":[],"meta":{}},{"ancestorTitles":["resolveWordRange pair-aware expansion"],"fullName":"resolveWordRange pair-aware expansion marks a word scope as pair-aware adjustment when the current selection equals the inner secondary range and rewraps to include the pair","status":"passed","title":"marks a word scope as pair-aware adjustment when the current selection equals the inner secondary range and rewraps to include the pair","duration":0.13920000000001664,"failureMessages":[],"meta":{}},{"ancestorTitles":["resolveWordRange pair-aware expansion"],"fullName":"resolveWordRange pair-aware expansion excludes a single leading bounding character whose match lies outside the word range","status":"passed","title":"excludes a single leading bounding character whose match lies outside the word range","duration":0.11130000000002838,"failureMessages":[],"meta":{}},{"ancestorTitles":["resolveWordRange pair-aware expansion"],"fullName":"resolveWordRange pair-aware expansion excludes a single trailing bounding character whose match lies outside the word range","status":"passed","title":"excludes a single trailing bounding character whose match lies outside the word range","duration":0.1512000000000171,"failureMessages":[],"meta":{}},{"ancestorTitles":["resolveWordRange pair-aware expansion"],"fullName":"resolveWordRange pair-aware expansion keeps a lone bounding character when no matching partner exists anywhere in the text","status":"passed","title":"keeps a lone bounding character when no matching partner exists anywhere in the text","duration":0.11520000000001573,"failureMessages":[],"meta":{}},{"ancestorTitles":["resolveWordRange pair-aware expansion"],"fullName":"resolveWordRange pair-aware expansion selects the inner word for the first click inside adjacent bracket groups","status":"passed","title":"selects the inner word for the first click inside adjacent bracket groups","duration":0.10410000000001673,"failureMessages":[],"meta":{}},{"ancestorTitles":["resolveWordRange pair-aware expansion"],"fullName":"resolveWordRange pair-aware expansion expands from the inner word to include the bracket pair for adjacent groups","status":"passed","title":"expands from the inner word to include the bracket pair for adjacent groups","duration":0.15190000000001191,"failureMessages":[],"meta":{}},{"ancestorTitles":["line scope respects sentence boundaries (bug regression)"],"fullName":"line scope respects sentence boundaries (bug regression) does not let a bracket-clamped \"line\" scope jump past the sentence-ending character","status":"passed","title":"does not let a bracket-clamped \"line\" scope jump past the sentence-ending character","duration":0.25799999999998136,"failureMessages":[],"meta":{}},{"ancestorTitles":["line scope respects sentence boundaries (bug regression)"],"fullName":"line scope respects sentence boundaries (bug regression) allows the full (unclamped) line once the selection already contains a sentence-ending character","status":"passed","title":"allows the full (unclamped) line once the selection already contains a sentence-ending character","duration":0.43079999999997654,"failureMessages":[],"meta":{}},{"ancestorTitles":["line scope respects sentence boundaries (bug regression)"],"fullName":"line scope respects sentence boundaries (bug regression) does not clamp line scope once the current selection already spans a sentence-ending character","status":"passed","title":"does not clamp line scope once the current selection already spans a sentence-ending character","duration":0.34209999999995944,"failureMessages":[],"meta":{}},{"ancestorTitles":["line scope respects sentence boundaries (bug regression)"],"fullName":"line scope respects sentence boundaries (bug regression) reproduces the full click sequence: word -> sentence -> nested brackets -> sentence -> block","status":"passed","title":"reproduces the full click sequence: word -> sentence -> nested brackets -> sentence -> block","duration":0.599899999999991,"failureMessages":[],"meta":{}},{"ancestorTitles":["word scope excludes commas"],"fullName":"word scope excludes commas does not include a trailing comma in the word range","status":"passed","title":"does not include a trailing comma in the word range","duration":0.1319000000000301,"failureMessages":[],"meta":{}},{"ancestorTitles":["word scope excludes commas"],"fullName":"word scope excludes commas does not include a leading comma-adjacent word past the comma","status":"passed","title":"does not include a leading comma-adjacent word past the comma","duration":0.15179999999998017,"failureMessages":[],"meta":{}},{"ancestorTitles":["clause scope (comma-bounded expansion from word scope)"],"fullName":"clause scope (comma-bounded expansion from word scope) expands a word to the comma-delimited clause around it","status":"passed","title":"expands a word to the comma-delimited clause around it","duration":0.2785000000000082,"failureMessages":[],"meta":{}},{"ancestorTitles":["clause scope (comma-bounded expansion from word scope)"],"fullName":"clause scope (comma-bounded expansion from word scope) does not cross an enclosing bracket pair when no comma stops it first","status":"passed","title":"does not cross an enclosing bracket pair when no comma stops it first","duration":0.12749999999999773,"failureMessages":[],"meta":{}},{"ancestorTitles":["clause scope (comma-bounded expansion from word scope)"],"fullName":"clause scope (comma-bounded expansion from word scope) falls back to the sentence boundary when no comma or bracket is nearby","status":"passed","title":"falls back to the sentence boundary when no comma or bracket is nearby","duration":0.1127999999999929,"failureMessages":[],"meta":{}},{"ancestorTitles":["clause scope (comma-bounded expansion from word scope)"],"fullName":"clause scope (comma-bounded expansion from word scope) reproduces the full word -> clause -> sentence click sequence","status":"passed","title":"reproduces the full word -> clause -> sentence click sequence","duration":0.2096000000000231,"failureMessages":[],"meta":{}}],"startTime":1787771133487,"endTime":1787771133496.2097,"status":"passed","message":"","name":"C:/Projects/Git/measly-notes/src/editor/ContractBridgeRangeUtils.test.ts"},{"assertionResults":[{"ancestorTitles":["buildEditRestoreSnapshotFromUiState — overrideSourceAnchorLine"],"fullName":"buildEditRestoreSnapshotFromUiState — overrideSourceAnchorLine resumes the note where it was left when no override is given","status":"passed","title":"resumes the note where it was left when no override is given","duration":3.0375999999999976,"failureMessages":[],"meta":{}},{"ancestorTitles":["buildEditRestoreSnapshotFromUiState — overrideSourceAnchorLine"],"fullName":"buildEditRestoreSnapshotFromUiState — overrideSourceAnchorLine opens at the override line instead of the stored position","status":"passed","title":"opens at the override line instead of the stored position","duration":0.3564999999999827,"failureMessages":[],"meta":{}},{"ancestorTitles":["buildEditRestoreSnapshotFromUiState — overrideSourceAnchorLine"],"fullName":"buildEditRestoreSnapshotFromUiState — overrideSourceAnchorLine overrides even when the note has no stored position at all","status":"passed","title":"overrides even when the note has no stored position at all","duration":0.21629999999993288,"failureMessages":[],"meta":{}},{"ancestorTitles":["buildEditRestoreSnapshotFromUiState — overrideSourceAnchorLine"],"fullName":"buildEditRestoreSnapshotFromUiState — overrideSourceAnchorLine ignores a non-finite override rather than landing at 0","status":"passed","title":"ignores a non-finite override rather than landing at 0","duration":1.3793000000000575,"failureMessages":[],"meta":{}}],"startTime":1787771137980,"endTime":1787771137985.3794,"status":"passed","message":"","name":"C:/Projects/Git/measly-notes/src/editor/EditRestoreMath.test.ts"},{"assertionResults":[{"ancestorTitles":["resolveMarkdownEnterTransform"],"fullName":"resolveMarkdownEnterTransform returns null when a modifier key is active","status":"passed","title":"returns null when a modifier key is active","duration":1.1621999999999844,"failureMessages":[],"meta":{}},{"ancestorTitles":["resolveMarkdownEnterTransform"],"fullName":"resolveMarkdownEnterTransform continues markdown list items for plain Enter","status":"passed","title":"continues markdown list items for plain Enter","duration":1.6913999999999874,"failureMessages":[],"meta":{}},{"ancestorTitles":["resolveMarkdownEnterTransform"],"fullName":"resolveMarkdownEnterTransform continues markdown checklist items for plain Enter","status":"passed","title":"continues markdown checklist items for plain Enter","duration":0.6567999999999756,"failureMessages":[],"meta":{}},{"ancestorTitles":["resolveMarkdownEnterTransform"],"fullName":"resolveMarkdownEnterTransform continues markdown checked checklist items for plain Enter","status":"passed","title":"continues markdown checked checklist items for plain Enter","duration":0.29520000000002256,"failureMessages":[],"meta":{}},{"ancestorTitles":["resolveMarkdownEnterTransform"],"fullName":"resolveMarkdownEnterTransform strips a duplicate bullet marker left over from a manually-wrapped list line","status":"passed","title":"strips a duplicate bullet marker left over from a manually-wrapped list line","duration":0.214999999999975,"failureMessages":[],"meta":{}},{"ancestorTitles":["resolveMarkdownEnterTransform"],"fullName":"resolveMarkdownEnterTransform strips excess whitespace along with the duplicate bullet marker","status":"passed","title":"strips excess whitespace along with the duplicate bullet marker","duration":0.2247000000000412,"failureMessages":[],"meta":{}},{"ancestorTitles":["resolveMarkdownEnterTransform"],"fullName":"resolveMarkdownEnterTransform strips a duplicate ordered marker left over from a manually-wrapped list line","status":"passed","title":"strips a duplicate ordered marker left over from a manually-wrapped list line","duration":0.28350000000000364,"failureMessages":[],"meta":{}},{"ancestorTitles":["resolveMarkdownEnterTransform"],"fullName":"resolveMarkdownEnterTransform continues leading indentation on plain indented lines","status":"passed","title":"continues leading indentation on plain indented lines","duration":0.2810999999999808,"failureMessages":[],"meta":{}},{"ancestorTitles":["resolveMarkdownEnterTransform"],"fullName":"resolveMarkdownEnterTransform continues leading indentation on whitespace-only lines without inflating trailing spaces","status":"passed","title":"continues leading indentation on whitespace-only lines without inflating trailing spaces","duration":0.25909999999998945,"failureMessages":[],"meta":{}},{"ancestorTitles":["resolveMarkdownEnterTransform"],"fullName":"resolveMarkdownEnterTransform terminates empty markdown list items in place","status":"passed","title":"terminates empty markdown list items in place","duration":0.2563999999999851,"failureMessages":[],"meta":{}},{"ancestorTitles":["resolveMarkdownEnterTransform"],"fullName":"resolveMarkdownEnterTransform normalizes tabs before applying enter continuation semantics","status":"passed","title":"normalizes tabs before applying enter continuation semantics","duration":0.22560000000004266,"failureMessages":[],"meta":{}},{"ancestorTitles":["resolveMarkdownEnterTransform"],"fullName":"resolveMarkdownEnterTransform inserts a plain newline when no markdown-aware continuation applies","status":"passed","title":"inserts a plain newline when no markdown-aware continuation applies","duration":0.18590000000000373,"failureMessages":[],"meta":{}},{"ancestorTitles":["resolveMarkdownEnterTransform"],"fullName":"resolveMarkdownEnterTransform splits a plain line into exactly one additional line when Enter lands mid-word","status":"passed","title":"splits a plain line into exactly one additional line when Enter lands mid-word","duration":0.21120000000001937,"failureMessages":[],"meta":{}}],"startTime":1787771134336,"endTime":1787771134342.2563,"status":"passed","message":"","name":"C:/Projects/Git/measly-notes/src/editor/EnterTransformPolicy.test.ts"},{"assertionResults":[{"ancestorTitles":["buildDocumentFindHits"],"fullName":"buildDocumentFindHits returns no hits for an empty query without throwing on a large document","status":"passed","title":"returns no hits for an empty query without throwing on a large document","duration":1.5801999999999907,"failureMessages":[],"meta":{}},{"ancestorTitles":["buildDocumentFindHits"],"fullName":"buildDocumentFindHits finds every case-insensitive match by default","status":"passed","title":"finds every case-insensitive match by default","duration":0.38030000000003383,"failureMessages":[],"meta":{}},{"ancestorTitles":["buildDocumentFindHits"],"fullName":"buildDocumentFindHits respects case sensitivity when requested","status":"passed","title":"respects case sensitivity when requested","duration":0.2179999999999609,"failureMessages":[],"meta":{}},{"ancestorTitles":["buildDocumentFindHits"],"fullName":"buildDocumentFindHits normalizes CRLF line endings in the searched text before matching","status":"passed","title":"normalizes CRLF line endings in the searched text before matching","duration":0.8187999999998965,"failureMessages":[],"meta":{}},{"ancestorTitles":["resolveDocumentFindDirective"],"fullName":"resolveDocumentFindDirective leaves replaceText empty outside of replace mode","status":"passed","title":"leaves replaceText empty outside of replace mode","duration":0.24959999999998672,"failureMessages":[],"meta":{}},{"ancestorTitles":["resolveDocumentFindDirective"],"fullName":"resolveDocumentFindDirective carries the replacement text through in replace mode","status":"passed","title":"carries the replacement text through in replace mode","duration":0.19020000000000437,"failureMessages":[],"meta":{}}],"startTime":1787771138915,"endTime":1787771138919.2495,"status":"passed","message":"","name":"C:/Projects/Git/measly-notes/src/editor/FindReplaceEngine.test.ts"},{"assertionResults":[{"ancestorTitles":["resolveMarkdownSelectionContext"],"fullName":"resolveMarkdownSelectionContext distinguishes bold from italic for double-star spans","status":"passed","title":"distinguishes bold from italic for double-star spans","duration":1.7735999999999876,"failureMessages":[],"meta":{}},{"ancestorTitles":["resolveMarkdownSelectionContext"],"fullName":"resolveMarkdownSelectionContext detects italic for single-star spans","status":"passed","title":"detects italic for single-star spans","duration":0.38990000000001146,"failureMessages":[],"meta":{}},{"ancestorTitles":["resolveMarkdownSelectionContext"],"fullName":"resolveMarkdownSelectionContext disables inline formatting states inside inline code","status":"passed","title":"disables inline formatting states inside inline code","duration":0.22610000000003083,"failureMessages":[],"meta":{}},{"ancestorTitles":["resolveMarkdownSelectionContext"],"fullName":"resolveMarkdownSelectionContext detects fenced code block context","status":"passed","title":"detects fenced code block context","duration":0.16209999999995262,"failureMessages":[],"meta":{}},{"ancestorTitles":["resolveMarkdownSelectionContext"],"fullName":"resolveMarkdownSelectionContext extracts line-level heading/list/blockquote metadata","status":"passed","title":"extracts line-level heading/list/blockquote metadata","duration":0.2104999999999677,"failureMessages":[],"meta":{}},{"ancestorTitles":["resolveMarkdownSelectionContext"],"fullName":"resolveMarkdownSelectionContext extracts ordered and unordered list metadata","status":"passed","title":"extracts ordered and unordered list metadata","duration":0.2534999999999741,"failureMessages":[],"meta":{}},{"ancestorTitles":["resolveMarkdownSelectionContext"],"fullName":"resolveMarkdownSelectionContext extracts list metadata for quote-prefixed nested list lines","status":"passed","title":"extracts list metadata for quote-prefixed nested list lines","duration":0.20889999999997144,"failureMessages":[],"meta":{}},{"ancestorTitles":["resolveMarkdownSelectionContextIncremental"],"fullName":"resolveMarkdownSelectionContextIncremental matches a full scan with no previous cache (first call)","status":"passed","title":"matches a full scan with no previous cache (first call)","duration":0.9396999999999593,"failureMessages":[],"meta":{}},{"ancestorTitles":["resolveMarkdownSelectionContextIncremental"],"fullName":"resolveMarkdownSelectionContextIncremental returns the same cache object, unchanged, when the text is identical","status":"passed","title":"returns the same cache object, unchanged, when the text is identical","duration":0.2159000000000333,"failureMessages":[],"meta":{}},{"ancestorTitles":["resolveMarkdownSelectionContextIncremental"],"fullName":"resolveMarkdownSelectionContextIncremental matches a full scan for a single-character edit past an open fence, in a document large enough to exercise the reuse path","status":"passed","title":"matches a full scan for a single-character edit past an open fence, in a document large enough to exercise the reuse path","duration":0.4346999999999639,"failureMessages":[],"meta":{}},{"ancestorTitles":["resolveMarkdownSelectionContextIncremental"],"fullName":"resolveMarkdownSelectionContextIncremental matches a full scan after every step of a long randomized edit sequence (seed 20260730)","status":"passed","title":"matches a full scan after every step of a long randomized edit sequence (seed 20260730)","duration":55.58260000000001,"failureMessages":[],"meta":{}},{"ancestorTitles":["resolveMarkdownSelectionContextIncremental"],"fullName":"resolveMarkdownSelectionContextIncremental matches a full scan after every step of a long randomized edit sequence (seed 1)","status":"passed","title":"matches a full scan after every step of a long randomized edit sequence (seed 1)","duration":45.19389999999993,"failureMessages":[],"meta":{}},{"ancestorTitles":["resolveMarkdownSelectionContextIncremental"],"fullName":"resolveMarkdownSelectionContextIncremental matches a full scan after every step of a long randomized edit sequence (seed 424242)","status":"passed","title":"matches a full scan after every step of a long randomized edit sequence (seed 424242)","duration":62.88869999999997,"failureMessages":[],"meta":{}},{"ancestorTitles":["indentSelectionByStep"],"fullName":"indentSelectionByStep tab rounds indentation up to next multiple of 3","status":"passed","title":"tab rounds indentation up to next multiple of 3","duration":0.5303000000000111,"failureMessages":[],"meta":{}},{"ancestorTitles":["indentSelectionByStep"],"fullName":"indentSelectionByStep shift+tab rounds indentation down to previous multiple of 3","status":"passed","title":"shift+tab rounds indentation down to previous multiple of 3","duration":0.14760000000001128,"failureMessages":[],"meta":{}},{"ancestorTitles":["indentSelectionByStep"],"fullName":"indentSelectionByStep applies indentation transform to all selected lines and remaps selection","status":"passed","title":"applies indentation transform to all selected lines and remaps selection","duration":0.2414000000001124,"failureMessages":[],"meta":{}},{"ancestorTitles":["applyMarkdownEnter"],"fullName":"applyMarkdownEnter continues unordered list item indentation","status":"passed","title":"continues unordered list item indentation","duration":0.866800000000012,"failureMessages":[],"meta":{}},{"ancestorTitles":["applyMarkdownEnter"],"fullName":"applyMarkdownEnter preserves unordered marker style during continuation","status":"passed","title":"preserves unordered marker style during continuation","duration":0.3403999999999314,"failureMessages":[],"meta":{}},{"ancestorTitles":["applyMarkdownEnter"],"fullName":"applyMarkdownEnter continues checklist items with an unchecked marker","status":"passed","title":"continues checklist items with an unchecked marker","duration":0.1573000000000775,"failureMessages":[],"meta":{}},{"ancestorTitles":["applyMarkdownEnter"],"fullName":"applyMarkdownEnter continues checklist items with a checked marker","status":"passed","title":"continues checklist items with a checked marker","duration":0.13990000000001146,"failureMessages":[],"meta":{}},{"ancestorTitles":["applyMarkdownEnter"],"fullName":"applyMarkdownEnter continues checklist items with arbitrary single-char marker","status":"passed","title":"continues checklist items with arbitrary single-char marker","duration":0.13059999999995853,"failureMessages":[],"meta":{}},{"ancestorTitles":["applyMarkdownEnter"],"fullName":"applyMarkdownEnter continues ordered list item with incremented number","status":"passed","title":"continues ordered list item with incremented number","duration":0.25900000000001455,"failureMessages":[],"meta":{}},{"ancestorTitles":["applyMarkdownEnter"],"fullName":"applyMarkdownEnter continues ordered list item while preserving parenthesis delimiter","status":"passed","title":"continues ordered list item while preserving parenthesis delimiter","duration":0.1736999999999398,"failureMessages":[],"meta":{}},{"ancestorTitles":["applyMarkdownEnter"],"fullName":"applyMarkdownEnter exits list continuation on empty list item","status":"passed","title":"exits list continuation on empty list item","duration":0.19800000000009277,"failureMessages":[],"meta":{}},{"ancestorTitles":["applyMarkdownEnter"],"fullName":"applyMarkdownEnter exits list continuation on empty checklist item","status":"passed","title":"exits list continuation on empty checklist item","duration":0.18199999999990268,"failureMessages":[],"meta":{}},{"ancestorTitles":["applyMarkdownEnter"],"fullName":"applyMarkdownEnter exits list continuation on empty checked checklist item","status":"passed","title":"exits list continuation on empty checked checklist item","duration":0.1695999999999458,"failureMessages":[],"meta":{}},{"ancestorTitles":["applyMarkdownEnter"],"fullName":"applyMarkdownEnter exits ordered continuation on empty ordered list item","status":"passed","title":"exits ordered continuation on empty ordered list item","duration":0.16390000000001237,"failureMessages":[],"meta":{}},{"ancestorTitles":["applyMarkdownEnter"],"fullName":"applyMarkdownEnter continues quote prefix when inside blockquote","status":"passed","title":"continues quote prefix when inside blockquote","duration":0.179300000000012,"failureMessages":[],"meta":{}},{"ancestorTitles":["applyMarkdownEnter"],"fullName":"applyMarkdownE
[...]
ullName":"computeSlotWidthsPx always conserves the available width exactly","status":"passed","title":"always conserves the available width exactly","duration":0.21550000000002,"failureMessages":[],"meta":{}},{"ancestorTitles":["computeSlotWidthsPx","fixed sections"],"fullName":"computeSlotWidthsPx fixed sections holds a fixed section at its pinned width while flexible sections absorb the resize","status":"passed","title":"holds a fixed section at its pinned width while flexible sections absorb the resize","duration":0.2702000000000453,"failureMessages":[],"meta":{}},{"ancestorTitles":["computeSlotWidthsPx","fixed sections"],"fullName":"computeSlotWidthsPx fixed sections lets fixed sections shrink relative to their pinned widths once every flexible section is at minimum","status":"passed","title":"lets fixed sections shrink relative to their pinned widths once every flexible section is at minimum","duration":0.19100000000003092,"failureMessages":[],"meta":{}},{"ancestorTitles":["computeSlotWidthsPx","fixed sections"],"fullName":"computeSlotWidthsPx fixed sections restores the pinned width when the row grows back (pure function of inputs)","status":"passed","title":"restores the pinned width when the row grows back (pure function of inputs)","duration":0.1752999999999929,"failureMessages":[],"meta":{}},{"ancestorTitles":["computeSlotWidthsPx","fixed sections"],"fullName":"computeSlotWidthsPx fixed sections scales all-fixed rows proportionally to their pinned widths","status":"passed","title":"scales all-fixed rows proportionally to their pinned widths","duration":0.19499999999999318,"failureMessages":[],"meta":{}},{"ancestorTitles":["computeSlotWidthsForNewSlotFlexAware"],"fullName":"computeSlotWidthsForNewSlotFlexAware halves a flexible source section exactly like the legacy split","status":"passed","title":"halves a flexible source section exactly like the legacy split","duration":0.38910000000004175,"failureMessages":[],"meta":{}},{"ancestorTitles":["computeSlotWidthsForNewSlotFlexAware"],"fullName":"computeSlotWidthsForNewSlotFlexAware halves the right neighbor when the source is fixed but the right neighbor is flexible","status":"passed","title":"halves the right neighbor when the source is fixed but the right neighbor is flexible","duration":0.18420000000003256,"failureMessages":[],"meta":{}},{"ancestorTitles":["computeSlotWidthsForNewSlotFlexAware"],"fullName":"computeSlotWidthsForNewSlotFlexAware consumes equal parts from all flexible sections when no adjacent section is flexible","status":"passed","title":"consumes equal parts from all flexible sections when no adjacent section is flexible","duration":0.4315000000000282,"failureMessages":[],"meta":{}},{"ancestorTitles":["computeSlotWidthsForNewSlotFlexAware"],"fullName":"computeSlotWidthsForNewSlotFlexAware falls back to the legacy proportional split when everything is fixed","status":"passed","title":"falls back to the legacy proportional split when everything is fixed","duration":0.14679999999998472,"failureMessages":[],"meta":{}},{"ancestorTitles":["computeSlotWidthsForNewSlotFlexAware"],"fullName":"computeSlotWidthsForNewSlotFlexAware never drops a flexible donor below the minimum width","status":"passed","title":"never drops a flexible donor below the minimum width","duration":0.172300000000007,"failureMessages":[],"meta":{}},{"ancestorTitles":["computeSlotWidthsForCloseFlexAware"],"fullName":"computeSlotWidthsForCloseFlexAware gives the freed width to a flexible left neighbor","status":"passed","title":"gives the freed width to a flexible left neighbor","duration":0.24330000000003338,"failureMessages":[],"meta":{}},{"ancestorTitles":["computeSlotWidthsForCloseFlexAware"],"fullName":"computeSlotWidthsForCloseFlexAware gives the freed width to the right neighbor when the left one is fixed","status":"passed","title":"gives the freed width to the right neighbor when the left one is fixed","duration":0.13569999999998572,"failureMessages":[],"meta":{}},{"ancestorTitles":["computeSlotWidthsForCloseFlexAware"],"fullName":"computeSlotWidthsForCloseFlexAware splits the freed width equally across all flexible sections when both neighbors are fixed","status":"passed","title":"splits the freed width equally across all flexible sections when both neighbors are fixed","duration":0.22120000000001028,"failureMessages":[],"meta":{}},{"ancestorTitles":["computeSlotWidthsForCloseFlexAware"],"fullName":"computeSlotWidthsForCloseFlexAware falls back to the left neighbor when every remaining section is fixed","status":"passed","title":"falls back to the left neighbor when every remaining section is fixed","duration":0.18080000000003338,"failureMessages":[],"meta":{}}],"startTime":1787771133509,"endTime":1787771133519.2212,"status":"passed","message":"","name":"C:/Projects/Git/measly-notes/src/shared/slotWidths.test.ts"},{"assertionResults":[{"ancestorTitles":["resolveSpellCheckSurfaceState"],"fullName":"resolveSpellCheckSurfaceState enables spellcheck only on the active editor surface when the global toggle is on","status":"passed","title":"enables spellcheck only on the active editor surface when the global toggle is on","duration":1.2355000000000018,"failureMessages":[],"meta":{}},{"ancestorTitles":["resolveSpellCheckSurfaceState"],"fullName":"resolveSpellCheckSurfaceState never enables spellcheck on ordinary input fields or non-editor surfaces","status":"passed","title":"never enables spellcheck on ordinary input fields or non-editor surfaces","duration":0.331799999999987,"failureMessages":[],"meta":{}}],"startTime":1787771139139,"endTime":1787771139140.3318,"status":"passed","message":"","name":"C:/Projects/Git/measly-notes/src/shared/spellCheckPolicy.test.ts"},{"assertionResults":[{"ancestorTitles":["formatOutlineEntryLine"],"fullName":"formatOutlineEntryLine builds a plain [label](href) link at the given indent depth","status":"passed","title":"builds a plain [label](href) link at the given indent depth","duration":1.102499999999992,"failureMessages":[],"meta":{}},{"ancestorTitles":["formatOutlineEntryLine"],"fullName":"formatOutlineEntryLine falls back to plain non-clickable text when href is null","status":"passed","title":"falls back to plain non-clickable text when href is null","duration":0.15900000000002024,"failureMessages":[],"meta":{}},{"ancestorTitles":["formatOutlineEntryLine"],"fullName":"formatOutlineEntryLine escapes literal [ and ] in the label so they can't break out of the link's own bracket span","status":"passed","title":"escapes literal [ and ] in the label so they can't break out of the link's own bracket span","duration":0.13750000000001705,"failureMessages":[],"meta":{}},{"ancestorTitles":["formatOutlineRootTitleLine"],"fullName":"formatOutlineRootTitleLine bolds a [label](href) link with no bullet or indent, unlike formatOutlineEntryLine","status":"passed","title":"bolds a [label](href) link with no bullet or indent, unlike formatOutlineEntryLine","duration":0.15170000000000528,"failureMessages":[],"meta":{}},{"ancestorTitles":["formatOutlineRootTitleLine"],"fullName":"formatOutlineRootTitleLine falls back to plain bold text when href is null","status":"passed","title":"falls back to plain bold text when href is null","duration":0.11159999999998149,"failureMessages":[],"meta":{}},{"ancestorTitles":["formatOutlineRootTitleLine"],"fullName":"formatOutlineRootTitleLine escapes literal [ and ] in the label the same way formatOutlineEntryLine does","status":"passed","title":"escapes literal [ and ] in the label the same way formatOutlineEntryLine does","duration":0.1355000000000075,"failureMessages":[],"meta":{}},{"ancestorTitles":["headingsChanged"],"fullName":"headingsChanged is false when nothing changed","status":"passed","title":"is false when nothing changed","duration":0.7213999999999885,"failureMessages":[],"meta":{}},{"ancestorTitles":["headingsChanged"],"fullName":"headingsChanged is false for a change that touches only non-heading text","status":"passed","title":"is false for a change that touches only non-heading text","duration":0.17090000000001737,"failureMessages":[],"meta":{}},{"ancestorTitles":["headingsChanged"],"fullName":"headingsChanged is true when a heading is added","status":"passed","title":"is true when a heading is added","duration":0.2896999999999821,"failureMessages":[],"meta":{}},{"ancestorTitles":["headingsChanged"],"fullName":"headingsChanged is true when a heading is removed","status":"passed","title":"is true when a heading is removed","duration":0.219600000000014,"failureMessages":[],"meta":{}},{"ancestorTitles":["headingsChanged"],"fullName":"headingsChanged is true when a heading is relabeled","status":"passed","title":"is true when a heading is relabeled","duration":0.17259999999998854,"failureMessages":[],"meta":{}},{"ancestorTitles":["headingsChanged"],"fullName":"headingsChanged is true when a heading changes level","status":"passed","title":"is true when a heading changes level","duration":0.13579999999998904,"failureMessages":[],"meta":{}},{"ancestorTitles":["headingsChanged"],"fullName":"headingsChanged ignores headings inside fenced code blocks on both sides","status":"passed","title":"ignores headings inside fenced code blocks on both sides","duration":0.14639999999999986,"failureMessages":[],"meta":{}},{"ancestorTitles":["computeHeadingAnchors"],"fullName":"computeHeadingAnchors derives a dedupe-suffixed anchor id for a repeated label, plus each heading's own source line, without rewriting anything","status":"passed","title":"derives a dedupe-suffixed anchor id for a repeated label, plus each heading's own source line, without rewriting anything","duration":0.8882000000000119,"failureMessages":[],"meta":{}},{"ancestorTitles":["computeHeadingAnchors"],"fullName":"computeHeadingAnchors excludes the first H1 (the note's own title)","status":"passed","title":"excludes the first H1 (the note's own title)","duration":0.22860000000000014,"failureMessages":[],"meta":{}},{"ancestorTitles":["computeHeadingAnchors"],"fullName":"computeHeadingAnchors correctly re-derives the anchor id of a heading that already looks manually anchor-linked","status":"passed","title":"correctly re-derives the anchor id of a heading that already looks manually anchor-linked","duration":0.24559999999999604,"failureMessages":[],"meta":{}},{"ancestorTitles":["computeHeadingAnchors"],"fullName":"computeHeadingAnchors ignores headings inside fenced code blocks","status":"passed","title":"ignores headings inside fenced code blocks","duration":0.3550999999999931,"failureMessages":[],"meta":{}},{"ancestorTitles":["findHeadingAnchorLine"],"fullName":"findHeadingAnchorLine finds the source line of the heading whose derived id matches","status":"passed","title":"finds the source line of the heading whose derived id matches","duration":0.26329999999998677,"failureMessages":[],"meta":{}},{"ancestorTitles":["findHeadingAnchorLine"],"fullName":"findHeadingAnchorLine returns null when no heading derives that id","status":"passed","title":"returns null when no heading derives that id","duration":0.15969999999998663,"failureMessages":[],"meta":{}},{"ancestorTitles":["formatHeadingAnchorFragment / parseHeadingAnchorFragment"],"fullName":"formatHeadingAnchorFragment / parseHeadingAnchorFragment round-trips a plain anchor id through the heading-anchor fragment format","status":"passed","title":"round-trips a plain anchor id through the heading-anchor fragment format","duration":0.22159999999999513,"failureMessages":[],"meta":{}},{"ancestorTitles":["formatHeadingAnchorFragment / parseHeadingAnchorFragment"],"fullName":"formatHeadingAnchorFragment / parseHeadingAnchorFragment returns null for a fragment that is not a heading-anchor one (a manual anchor id)","status":"passed","title":"returns null for a fragment that is not a heading-anchor one (a manual anchor id)","duration":0.14150000000000773,"failureMessages":[],"meta":{}}],"startTime":1787771135958,"endTime":1787771135964.2632,"status":"passed","message":"","name":"C:/Projects/Git/measly-notes/src/shared/tableOfContentsText.test.ts"},{"assertionResults":[{"ancestorTitles":["tab normalization protocol"],"fullName":"tab normalization protocol normalizes tab characters to three spaces in sanitizeTextFragment","status":"passed","title":"normalizes tab characters to three spaces in sanitizeTextFragment","duration":1.605700000000013,"failureMessages":[],"meta":{}},{"ancestorTitles":["tab normalization protocol"],"fullName":"tab normalization protocol normalizes tab characters to three spaces in sanitizeDocumentText","status":"passed","title":"normalizes tab characters to three spaces in sanitizeDocumentText","duration":0.3848999999999876,"failureMessages":[],"meta":{}},{"ancestorTitles":["tab normalization protocol"],"fullName":"tab normalization protocol normalizes tab characters to three spaces in normalizeInternalText","status":"passed","title":"normalizes tab characters to three spaces in normalizeInternalText","duration":0.19089999999999918,"failureMessages":[],"meta":{}},{"ancestorTitles":["sanitizeTextFragment already satisfies normalizeInternalText"],"fullName":"sanitizeTextFragment already satisfies normalizeInternalText normalizeInternalText(sanitizeTextFragment(x)) === sanitizeTextFragment(x) for \"plain text\"","status":"passed","title":"normalizeInternalText(sanitizeTextFragment(x)) === sanitizeTextFragment(x) for \"plain text\"","duration":0.16159999999999286,"failureMessages":[],"meta":{}},{"ancestorTitles":["sanitizeTextFragment already satisfies normalizeInternalText"],"fullName":"sanitizeTextFragment already satisfies normalizeInternalText normalizeInternalText(sanitizeTextFragment(x)) === sanitizeTextFragment(x) for \"﻿leading bom\"","status":"passed","title":"normalizeInternalText(sanitizeTextFragment(x)) === sanitizeTextFragment(x) for \"﻿leading bom\"","duration":0.141900000000021,"failureMessages":[],"meta":{}},{"ancestorTitles":["sanitizeTextFragment already satisfies normalizeInternalText"],"fullName":"sanitizeTextFragment already satisfies normalizeInternalText normalizeInternalText(sanitizeTextFragment(x)) === sanitizeTextFragment(x) for \"crlf line\\r\\nendings\\r\\nhere\"","status":"passed","title":"normalizeInternalText(sanitizeTextFragment(x)) === sanitizeTextFragment(x) for \"crlf line\\r\\nendings\\r\\nhere\"","duration":0.13339999999999463,"failureMessages":[],"meta":{}},{"ancestorTitles":["sanitizeTextFragment already satisfies normalizeInternalText"],"fullName":"sanitizeTextFragment already satisfies normalizeInternalText normalizeInternalText(sanitizeTextFragment(x)) === sanitizeTextFragment(x) for \"lone\\rcarriage\\rreturns\"","status":"passed","title":"normalizeInternalText(sanitizeTextFragment(x)) === sanitizeTextFragment(x) for \"lone\\rcarriage\\rreturns\"","duration":0.10140000000001237,"failureMessages":[],"meta":{}},{"ancestorTitles":["sanitizeTextFragment already satisfies normalizeInternalText"],"fullName":"sanitizeTextFragment already satisfies normalizeInternalText normalizeInternalText(sanitizeTextFragment(x)) === sanitizeTextFragment(x) for \"unicode line separators\"","status":"passed","title":"normalizeInternalText(sanitizeTextFragment(x)) === sanitizeTextFragment(x) for \"unicode line separators\"","duration":0.12319999999999709,"failureMessages":[],"meta":{}},{"ancestorTitles":["sanitizeTextFragment already satisfies normalizeInternalText"],"fullName":"sanitizeTextFragment already satisfies normalizeInternalText normalizeInternalText(sanitizeTextFragment(x)) === sanitizeTextFragment(x) for \"tabs\\there\\tand\\tthere\"","status":"passed","title":"normalizeInternalText(sanitizeTextFragment(x)) === sanitizeTextFragment(x) for \"tabs\\there\\tand\\tthere\"","duration":0.10620000000000118,"failureMessages":[],"meta":{}},{"ancestorTitles":["sanitizeTextFragment already satisfies normalizeInternalText"],"fullName":"sanitizeTextFragment already satisfies normalizeInternalText normalizeInternalText(sanitizeTextFragment(x)) === sanitizeTextFragment(x) for \"mixed\\r\\n\\ttabs and separators\\r\"","status":"passed","title":"normalizeInternalText(sanitizeTextFragment(x)) === sanitizeTextFragment(x) for \"mixed\\r\\n\\ttabs and separators\\r\"","duration":0.1238999999999919,"failureMessages":[],"meta":{}},{"ancestorTitles":["sanitizeTextFragment already satisfies normalizeInternalText"],"fullName":"sanitizeTextFragment already satisfies normalizeInternalText normalizeInternalText(sanitizeTextFragment(x)) === sanitizeTextFragment(x) for \"\"","status":"passed","title":"normalizeInternalText(sanitizeTextFragment(x)) === sanitizeTextFragment(x) for \"\"","duration":0.09299999999998931,"failureMessages":[],"meta":{}}],"startTime":1787771138419,"endTime":1787771138423.1238,"status":"passed","message":"","name":"C:/Projects/Git/measly-notes/src/shared/textSanitization.test.ts"},{"assertionResults":[{"ancestorTitles":["typing sounds"],"fullName":"typing sounds suppresses the plain key-hit when Enter inserts a newline","status":"passed","title":"suppresses the plain key-hit when Enter inserts a newline","duration":2.6703000000000543,"failureMessages":[],"meta":{}},{"ancestorTitles":["typing sounds"],"fullName":"typing sounds suppresses the follow-on plain click after a dedicated Tab sound","status":"passed","title":"suppresses the follow-on plain click after a dedicated Tab sound","duration":0.24049999999999727,"failureMessages":[],"meta":{}},{"ancestorTitles":["typing sounds"],"fullName":"typing sounds keeps normal character taps for ordinary letters","status":"passed","title":"keeps normal character taps for ordinary letters","duration":0.17250000000001364,"failureMessages":[],"meta":{}},{"ancestorTitles":["typing sounds"],"fullName":"typing sounds keeps reverb live instead of baking it into each transient sample","status":"passed","title":"keeps reverb live instead of baking it into each transient sample","duration":0.179300000000012,"failureMessages":[],"meta":{}},{"ancestorTitles":["typing sounds","spatial mode A: keyboard-position pan"],"fullName":"typing sounds spatial mode A: keyboard-position pan pans the far corners of the keyboard to the far edges","status":"passed","title":"pans the far corners of the keyboard to the far edges","duration":0.20130000000000337,"failureMessages":[],"meta":{}},{"ancestorTitles":["typing sounds","spatial mode A: keyboard-position pan"],"fullName":"typing sounds spatial mode A: keyboard-position pan centers the space bar","status":"passed","title":"centers the space bar","duration":0.15809999999999036,"failureMessages":[],"meta":{}},{"ancestorTitles":["typing sounds","spatial mode A: keyboard-position pan"],"fullName":"typing sounds spatial mode A: keyboard-position pan centers non-character keys (arrows, tab, backspace, modified keys)","status":"passed","title":"centers non-character keys (arrows, tab, backspace, modified keys)","duration":0.21149999999994407,"failureMessages":[],"meta":{}},{"ancestorTitles":["typing sounds","spatial mode A: keyboard-position pan"],"fullName":"typing sounds spatial mode A: keyboard-position pan pans a physical key the same regardless of what character the active layout produces there (QWERTY vs QWERTZ)","status":"passed","title":"pans a physical key the same regardless of what character the active layout produces there (QWERTY vs QWERTZ)","duration":0.21690000000000964,"failureMessages":[],"meta":{}},{"ancestorTitles":["typing sounds","spatial mode A: keyboard-position pan"],"fullName":"typing sounds spatial mode A: keyboard-position pan gives the German/ISO-only extra key (left of Z) its own left-of-Z position instead of colliding with KeyZ","status":"passed","title":"gives the German/ISO-only extra key (left of Z) its own left-of-Z position instead of colliding with KeyZ","duration":0.13730000000003884,"failureMessages":[],"meta":{}}],"startTime":1787771137218,"endTime":1787771137222.2168,"status":"passed","message":"","name":"C:/Projects/Git/measly-notes/src/sound/TypingSoundManager.test.ts"}]}